<?xml version="1.0" encoding="UTF-8"?>
<!-- Generated by org.testng.reporters.JUnitReportReporter -->
<testsuite hostname="DESKTOP-ER4I9TE" failures="0" tests="1" name="com.automationscrpit.Testcase1" time="20.577" errors="0" timestamp="2023-01-01T16:46:22 IST" skipped="0">
  <testcase classname="com.automationscrpit.Testcase1" name="tc1" time="20.577"/>
  <system-out/>
</testsuite> <!-- com.automationscrpit.Testcase1 -->
