<?xml version="1.0" encoding="UTF-8"?>
<!-- Generated by org.testng.reporters.JUnitReportReporter -->
<testsuite hostname="DESKTOP-ER4I9TE" failures="0" tests="1" name="com.automationscrpit.Testcase2" time="9.729" errors="0" timestamp="2022-12-29T13:23:54 IST" skipped="0">
  <testcase classname="com.automationscrpit.Testcase2" name="tc2" time="9.729"/>
  <system-out/>
</testsuite> <!-- com.automationscrpit.Testcase2 -->
